2020-04-04 20:28:38 DEBUG Log:14 - >>> BEFORE HOOK START <<<
2020-04-04 20:28:38 INFO  Log:10 - SCENARIO: START - [Registered user login with valid credentials]
2020-04-04 20:28:38 INFO  Log:10 - CONFIG: Configuration Loaded
2020-04-04 20:28:38 INFO  Log:10 - BROWSER: Clean start
2020-04-04 20:28:42 DEBUG Log:14 - >>> BEFORE HOOK END <<<
2020-04-04 20:28:42 INFO  Log:10 - STEP: Given user navigates to http://automationpractice.com/ website
2020-04-04 20:28:47 INFO  Log:10 - STEP: And user is registered on the website
2020-04-04 20:28:47 INFO  Log:10 - STEP: When user signs in with valid username: elchupakabra@mailinator.com and password:Test1234!
2020-04-04 20:28:52 INFO  Log:10 -    -> Click My Account link
2020-04-04 20:28:53 INFO  Log:10 -    -> Username field is populated
2020-04-04 20:28:53 INFO  Log:10 -    -> Password field is populated
2020-04-04 20:28:54 INFO  Log:10 -    -> Click Submit button
2020-04-04 20:28:54 INFO  Log:10 -    -> SIGN IN ACTION COMPLETE
2020-04-04 20:28:56 INFO  Log:10 - STEP: Then user is redirected to MY ACCOUNT! page
2020-04-04 20:28:56 INFO  Log:10 - !!! SCENARIO: Failed !!! expected [MY ACCOUNT!] but found [MY ACCOUNT]
2020-04-04 20:28:56 DEBUG Log:14 - >>> AFTER HOOK START <<<
2020-04-04 20:28:56 INFO  Log:10 - SCENARIO: FAIL - Current Page URL is http://automationpractice.com/index.php?controller=my-account
2020-04-04 20:28:56 INFO  Log:10 - SCENARIO: FAIL - Attaching Screenshot
2020-04-04 20:28:56 INFO  Log:10 - SCREENSHOT: Capture started
2020-04-04 20:28:57 INFO  Log:10 - SCREENSHOT: Capture started
2020-04-04 20:28:58 INFO  Log:10 - SCREENSHOT: Capture started
2020-04-04 20:28:59 INFO  Log:10 - SCREENSHOT: Capture started
2020-04-04 20:29:00 INFO  Log:10 - SCREENSHOT: Capture started
2020-04-04 20:29:01 INFO  Log:10 - SCREENSHOT: Capture started
2020-04-04 20:29:01 INFO  Log:10 - SCREENSHOT: Capture started
2020-04-04 20:29:02 INFO  Log:10 - SCREENSHOT: Capture started
2020-04-04 20:29:03 INFO  Log:10 - SCREENSHOT: Capture started
2020-04-04 20:29:04 INFO  Log:10 - SCREENSHOT: Capture started
2020-04-04 20:29:05 INFO  Log:10 - SCREENSHOT: Capture started
2020-04-04 20:29:06 INFO  Log:10 - SCREENSHOT: Capture started
2020-04-04 20:29:07 INFO  Log:10 - SCREENSHOT: Capture started
2020-04-04 20:29:08 INFO  Log:10 - SCREENSHOT: Capture started
2020-04-04 20:29:09 INFO  Log:10 - SCREENSHOT: Capture started
2020-04-04 20:29:10 INFO  Log:10 - SCREENSHOT: Capture started
2020-04-04 20:29:11 INFO  Log:10 - SCREENSHOT: Capture started
2020-04-04 20:29:12 INFO  Log:10 - SCREENSHOT: Capture started
2020-04-04 20:29:13 INFO  Log:10 - SCREENSHOT: Capture started
2020-04-04 20:29:14 INFO  Log:10 - SCREENSHOT: Capture started
2020-04-04 20:29:15 INFO  Log:10 - SCREENSHOT: Capture started
2020-04-04 20:29:15 INFO  Log:10 - SCREENSHOT: Capture started
2020-04-04 20:29:16 INFO  Log:10 - SCREENSHOT: Capture started
2020-04-04 20:29:17 INFO  Log:10 - SCREENSHOT: Capture started
2020-04-04 20:32:43 DEBUG Log:14 - >>> BEFORE HOOK START <<<
2020-04-04 20:32:43 INFO  Log:10 - SCENARIO: START - [Registered user login with valid credentials]
2020-04-04 20:32:43 INFO  Log:10 - CONFIG: Configuration Loaded
2020-04-04 20:32:43 INFO  Log:10 - BROWSER: Clean start
2020-04-04 20:32:47 DEBUG Log:14 - >>> BEFORE HOOK END <<<
2020-04-04 20:32:47 INFO  Log:10 - STEP: Given user navigates to http://automationpractice.com/ website
2020-04-04 20:32:52 INFO  Log:10 - STEP: And user is registered on the website
2020-04-04 20:32:52 INFO  Log:10 - STEP: When user signs in with valid username: elchupakabra@mailinator.com and password:Test1234!
2020-04-04 20:32:57 INFO  Log:10 -    -> Click My Account link
2020-04-04 20:32:57 INFO  Log:10 -    -> Username field is populated
2020-04-04 20:32:57 INFO  Log:10 -    -> Password field is populated
2020-04-04 20:32:59 INFO  Log:10 -    -> Click Submit button
2020-04-04 20:32:59 INFO  Log:10 -    -> SIGN IN ACTION COMPLETE
2020-04-04 20:33:25 INFO  Log:10 - STEP: Then user is redirected to MY ACCOUNT! page
2020-04-04 20:33:38 INFO  Log:10 - !!! SCENARIO: Failed !!! expected [MY ACCOUNT!] but found [MY ACCOUNT]
2020-04-04 20:33:52 DEBUG Log:14 - >>> AFTER HOOK START <<<
2020-04-04 20:33:52 INFO  Log:10 - SCENARIO: FAIL - Current Page URL is http://automationpractice.com/index.php?controller=my-account
2020-04-04 20:33:52 INFO  Log:10 - SCENARIO: FAIL - Attaching Screenshot
2020-04-04 20:34:55 INFO  Log:10 - SCREENSHOT: Capture started
2020-04-04 20:36:11 INFO  Log:10 - SCREENSHOT: Capture started
2020-04-04 20:38:27 DEBUG Log:14 - >>> BEFORE HOOK START <<<
2020-04-04 20:38:27 INFO  Log:10 - SCENARIO: START - [Registered user login with valid credentials]
2020-04-04 20:38:27 INFO  Log:10 - CONFIG: Configuration Loaded
2020-04-04 20:38:27 INFO  Log:10 - BROWSER: Clean start
2020-04-04 20:38:31 DEBUG Log:14 - >>> BEFORE HOOK END <<<
2020-04-04 20:38:31 INFO  Log:10 - STEP: Given user navigates to http://automationpractice.com/ website
2020-04-04 20:38:36 INFO  Log:10 - STEP: And user is registered on the website
2020-04-04 20:38:36 INFO  Log:10 - STEP: When user signs in with valid username: elchupakabra@mailinator.com and password:Test1234!
2020-04-04 20:38:41 INFO  Log:10 -    -> Click My Account link
2020-04-04 20:38:41 INFO  Log:10 -    -> Username field is populated
2020-04-04 20:38:41 INFO  Log:10 -    -> Password field is populated
2020-04-04 20:38:43 INFO  Log:10 -    -> Click Submit button
2020-04-04 20:38:43 INFO  Log:10 -    -> SIGN IN ACTION COMPLETE
2020-04-04 20:38:45 INFO  Log:10 - STEP: Then user is redirected to MY ACCOUNT! page
2020-04-04 20:38:45 INFO  Log:10 - !!! SCENARIO: Failed !!! expected [MY ACCOUNT!] but found [MY ACCOUNT]
2020-04-04 20:38:45 DEBUG Log:14 - >>> AFTER HOOK START <<<
2020-04-04 20:38:45 INFO  Log:10 - SCENARIO: FAIL - Current Page URL is http://automationpractice.com/index.php?controller=my-account
2020-04-04 20:38:45 INFO  Log:10 - SCENARIO: FAIL - Attaching Screenshot
2020-04-04 20:38:45 INFO  Log:10 - SCREENSHOT: Capture started
2020-04-04 20:38:46 INFO  Log:10 - SCREENSHOT: Writing to file Screenshot for Registered user login with valid credentials 1586021925199
2020-04-04 20:38:46 ERROR Log:22 - BROWSER: Cannot capture screen
javax.imageio.IIOException: Can't create an ImageOutputStream!
	at java.desktop/javax.imageio.ImageIO.write(ImageIO.java:1551)
	at helpers.ScreenShotUtil.saveScreenshotToFile(ScreenShotUtil.java:58)
	at helpers.ScreenShotUtil.captureFullScreen(ScreenShotUtil.java:35)
	at step_definitions.Hooks$teardown.embedScreenshot(Hooks.java:60)
	at java.base/jdk.internal.reflect.NativeMethodAccessorImpl.invoke0(Native Method)
	at java.base/jdk.internal.reflect.NativeMethodAccessorImpl.invoke(NativeMethodAccessorImpl.java:62)
	at java.base/jdk.internal.reflect.DelegatingMethodAccessorImpl.invoke(DelegatingMethodAccessorImpl.java:43)
	at java.base/java.lang.reflect.Method.invoke(Method.java:564)
	at io.cucumber.java.Invoker.invoke(Invoker.java:27)
	at io.cucumber.java.JavaHookDefinition.execute(JavaHookDefinition.java:61)
	at io.cucumber.core.runner.CoreHookDefinition.execute(CoreHookDefinition.java:31)
	at io.cucumber.core.runner.HookDefinitionMatch.runStep(HookDefinitionMatch.java:20)
	at io.cucumber.core.runner.TestStep.executeStep(TestStep.java:64)
	at io.cucumber.core.runner.TestStep.run(TestStep.java:49)
	at io.cucumber.core.runner.TestCase.run(TestCase.java:55)
	at io.cucumber.core.runner.Runner.runPickle(Runner.java:66)
	at io.cucumber.core.runtime.Runtime.lambda$run$2(Runtime.java:100)
	at java.base/java.util.concurrent.Executors$RunnableAdapter.call(Executors.java:515)
	at java.base/java.util.concurrent.FutureTask.run(FutureTask.java:264)
	at io.cucumber.core.runtime.Runtime$SameThreadExecutorService.execute(Runtime.java:243)
	at java.base/java.util.concurrent.AbstractExecutorService.submit(AbstractExecutorService.java:118)
	at io.cucumber.core.runtime.Runtime.lambda$run$3(Runtime.java:100)
	at java.base/java.util.stream.ReferencePipeline$3$1.accept(ReferencePipeline.java:195)
	at java.base/java.util.stream.SliceOps$1$1.accept(SliceOps.java:199)
	at java.base/java.util.ArrayList$ArrayListSpliterator.tryAdvance(ArrayList.java:1601)
	at java.base/java.util.stream.ReferencePipeline.forEachWithCancel(ReferencePipeline.java:127)
	at java.base/java.util.stream.AbstractPipeline.copyIntoWithCancel(AbstractPipeline.java:502)
	at java.base/java.util.stream.AbstractPipeline.copyInto(AbstractPipeline.java:488)
	at java.base/java.util.stream.AbstractPipeline.wrapAndCopyInto(AbstractPipeline.java:474)
	at java.base/java.util.stream.ReduceOps$ReduceOp.evaluateSequential(ReduceOps.java:913)
	at java.base/java.util.stream.AbstractPipeline.evaluate(AbstractPipeline.java:234)
	at java.base/java.util.stream.ReferencePipeline.collect(ReferencePipeline.java:578)
	at io.cucumber.core.runtime.Runtime.run(Runtime.java:101)
	at io.cucumber.core.cli.Main.run(Main.java:75)
	at cucumber.api.cli.Main.run(Main.java:28)
	at cucumber.api.cli.Main.main(Main.java:15)
	at java.base/jdk.internal.reflect.NativeMethodAccessorImpl.invoke0(Native Method)
	at java.base/jdk.internal.reflect.NativeMethodAccessorImpl.invoke(NativeMethodAccessorImpl.java:62)
	at java.base/jdk.internal.reflect.DelegatingMethodAccessorImpl.invoke(DelegatingMethodAccessorImpl.java:43)
	at java.base/java.lang.reflect.Method.invoke(Method.java:564)
	at com.intellij.rt.execution.application.AppMainV2.main(AppMainV2.java:131)
2020-04-04 20:38:46 INFO  Log:10 - SCENARIO: COMPLETED - [Registered user login with valid credentials]
2020-04-04 20:38:47 INFO  Log:10 - BROWSER: Closed
2020-04-04 20:38:47 DEBUG Log:14 - >>> AFTER HOOK END <<<



2020-04-04 20:49:31 DEBUG Log:14 - >>> BEFORE HOOK START <<<
2020-04-04 20:49:31 INFO  Log:10 - SCENARIO: START - [Registered user login with valid credentials]
2020-04-04 20:49:31 INFO  Log:10 - CONFIG: Configuration Loaded
2020-04-04 20:49:31 INFO  Log:10 - BROWSER: Clean start
2020-04-04 20:49:35 DEBUG Log:14 - >>> BEFORE HOOK END <<<
2020-04-04 20:49:35 INFO  Log:10 - STEP: Given user navigates to http://automationpractice.com/ website
2020-04-04 20:49:40 INFO  Log:10 - STEP: And user is registered on the website
2020-04-04 20:49:40 INFO  Log:10 - STEP: When user signs in with valid username: elchupakabra@mailinator.com and password:Test1234!
2020-04-04 20:49:45 INFO  Log:10 -    -> Click My Account link
2020-04-04 20:49:45 INFO  Log:10 -    -> Username field is populated
2020-04-04 20:49:45 INFO  Log:10 -    -> Password field is populated
2020-04-04 20:49:46 INFO  Log:10 -    -> Click Submit button
2020-04-04 20:49:46 INFO  Log:10 -    -> SIGN IN ACTION COMPLETE
2020-04-04 20:49:48 INFO  Log:10 - STEP: Then user is redirected to MY ACCOUNT! page
2020-04-04 20:49:48 INFO  Log:10 - !!! SCENARIO: Failed !!! expected [MY ACCOUNT!] but found [MY ACCOUNT]
2020-04-04 20:49:48 DEBUG Log:14 - >>> AFTER HOOK START <<<
2020-04-04 20:49:48 INFO  Log:10 - SCENARIO: FAIL - Current Page URL is http://automationpractice.com/index.php?controller=my-account
2020-04-04 20:49:48 INFO  Log:10 - SCENARIO: FAIL - Attaching Screenshot
2020-04-04 20:49:48 INFO  Log:10 - SCREENSHOT: Capture started
2020-04-04 20:49:49 INFO  Log:10 - SCREENSHOT: Writing to file Screenshot_1586022588442_Registered user login with valid credentials
2020-04-04 20:49:49 ERROR Log:22 - BROWSER: Cannot capture screen
javax.imageio.IIOException: Can't create an ImageOutputStream!
	at java.desktop/javax.imageio.ImageIO.write(ImageIO.java:1551)
	at helpers.ScreenShotUtil.saveScreenshotToFile(ScreenShotUtil.java:62)
	at helpers.ScreenShotUtil.captureFullScreen(ScreenShotUtil.java:39)
	at helpers.ScreenShotUtil.doScreenshot(ScreenShotUtil.java:30)
	at step_definitions.Hooks$teardown.embedScreenshot(Hooks.java:66)
	at java.base/jdk.internal.reflect.NativeMethodAccessorImpl.invoke0(Native Method)
	at java.base/jdk.internal.reflect.NativeMethodAccessorImpl.invoke(NativeMethodAccessorImpl.java:62)
	at java.base/jdk.internal.reflect.DelegatingMethodAccessorImpl.invoke(DelegatingMethodAccessorImpl.java:43)
	at java.base/java.lang.reflect.Method.invoke(Method.java:564)
	at io.cucumber.java.Invoker.invoke(Invoker.java:27)
	at io.cucumber.java.JavaHookDefinition.execute(JavaHookDefinition.java:61)
	at io.cucumber.core.runner.CoreHookDefinition.execute(CoreHookDefinition.java:31)
	at io.cucumber.core.runner.HookDefinitionMatch.runStep(HookDefinitionMatch.java:20)
	at io.cucumber.core.runner.TestStep.executeStep(TestStep.java:64)
	at io.cucumber.core.runner.TestStep.run(TestStep.java:49)
	at io.cucumber.core.runner.TestCase.run(TestCase.java:55)
	at io.cucumber.core.runner.Runner.runPickle(Runner.java:66)
	at io.cucumber.core.runtime.Runtime.lambda$run$2(Runtime.java:100)
	at java.base/java.util.concurrent.Executors$RunnableAdapter.call(Executors.java:515)
	at java.base/java.util.concurrent.FutureTask.run(FutureTask.java:264)
	at io.cucumber.core.runtime.Runtime$SameThreadExecutorService.execute(Runtime.java:243)
	at java.base/java.util.concurrent.AbstractExecutorService.submit(AbstractExecutorService.java:118)
	at io.cucumber.core.runtime.Runtime.lambda$run$3(Runtime.java:100)
	at java.base/java.util.stream.ReferencePipeline$3$1.accept(ReferencePipeline.java:195)
	at java.base/java.util.stream.SliceOps$1$1.accept(SliceOps.java:199)
	at java.base/java.util.ArrayList$ArrayListSpliterator.tryAdvance(ArrayList.java:1601)
	at java.base/java.util.stream.ReferencePipeline.forEachWithCancel(ReferencePipeline.java:127)
	at java.base/java.util.stream.AbstractPipeline.copyIntoWithCancel(AbstractPipeline.java:502)
	at java.base/java.util.stream.AbstractPipeline.copyInto(AbstractPipeline.java:488)
	at java.base/java.util.stream.AbstractPipeline.wrapAndCopyInto(AbstractPipeline.java:474)
	at java.base/java.util.stream.ReduceOps$ReduceOp.evaluateSequential(ReduceOps.java:913)
	at java.base/java.util.stream.AbstractPipeline.evaluate(AbstractPipeline.java:234)
	at java.base/java.util.stream.ReferencePipeline.collect(ReferencePipeline.java:578)
	at io.cucumber.core.runtime.Runtime.run(Runtime.java:101)
	at io.cucumber.core.cli.Main.run(Main.java:75)
	at cucumber.api.cli.Main.run(Main.java:28)
	at cucumber.api.cli.Main.main(Main.java:15)
	at java.base/jdk.internal.reflect.NativeMethodAccessorImpl.invoke0(Native Method)
	at java.base/jdk.internal.reflect.NativeMethodAccessorImpl.invoke(NativeMethodAccessorImpl.java:62)
	at java.base/jdk.internal.reflect.DelegatingMethodAccessorImpl.invoke(DelegatingMethodAccessorImpl.java:43)
	at java.base/java.lang.reflect.Method.invoke(Method.java:564)
	at com.intellij.rt.execution.application.AppMainV2.main(AppMainV2.java:131)
2020-04-04 20:49:49 INFO  Log:10 - SCENARIO: COMPLETED - [Registered user login with valid credentials]
2020-04-04 20:49:51 INFO  Log:10 - BROWSER: Closed
2020-04-04 20:49:51 DEBUG Log:14 - >>> AFTER HOOK END <<<



2020-04-04 21:22:39 DEBUG Log:14 - >>> BEFORE HOOK START <<<
2020-04-04 21:22:39 INFO  Log:10 - SCENARIO: START - [Registered user login with valid credentials]
2020-04-04 21:22:39 INFO  Log:10 - CONFIG: Configuration Loaded
2020-04-04 21:22:39 INFO  Log:10 - BROWSER: Clean start
2020-04-04 21:22:44 DEBUG Log:14 - >>> BEFORE HOOK END <<<
2020-04-04 21:22:44 INFO  Log:10 - STEP: Given user navigates to http://automationpractice.com/ website
2020-04-04 21:22:49 INFO  Log:10 - STEP: And user is registered on the website
2020-04-04 21:22:49 INFO  Log:10 - STEP: When user signs in with valid username: elchupakabra@mailinator.com and password:Test1234!
2020-04-04 21:22:53 INFO  Log:10 -    -> Click My Account link
2020-04-04 21:22:53 INFO  Log:10 -    -> Username field is populated
2020-04-04 21:22:53 INFO  Log:10 -    -> Password field is populated
2020-04-04 21:22:55 INFO  Log:10 -    -> Click Submit button
2020-04-04 21:22:55 INFO  Log:10 -    -> SIGN IN ACTION COMPLETE
2020-04-04 21:22:57 INFO  Log:10 - STEP: Then user is redirected to MY ACCOUNT! page
2020-04-04 21:22:57 INFO  Log:10 - !!! SCENARIO: Failed !!! expected [MY ACCOUNT!] but found [MY ACCOUNT]
2020-04-04 21:22:57 DEBUG Log:14 - >>> AFTER HOOK START <<<
2020-04-04 21:22:57 INFO  Log:10 - SCENARIO: FAIL - Current Page URL is http://automationpractice.com/index.php?controller=my-account
2020-04-04 21:22:57 INFO  Log:10 - SCENARIO: FAIL - Attaching Screenshot
2020-04-04 21:22:57 ERROR Log:22 - BROWSER: Cannot capture screen
java.lang.NullPointerException
	at io.cucumber.core.plugin.PrettyFormatter.printEmbedding(PrettyFormatter.java:180)
	at io.cucumber.core.plugin.PrettyFormatter.handleEmbed(PrettyFormatter.java:174)
	at io.cucumber.core.eventbus.AbstractEventPublisher.send(AbstractEventPublisher.java:45)
	at io.cucumber.core.eventbus.AbstractEventBus.send(AbstractEventBus.java:9)
	at io.cucumber.core.runtime.ThreadLocalRunnerSupplier$SynchronizedEventBus.send(ThreadLocalRunnerSupplier.java:100)
	at io.cucumber.core.runtime.ThreadLocalRunnerSupplier$LocalEventBus.send(ThreadLocalRunnerSupplier.java:68)
	at io.cucumber.core.runner.TestCaseState.embed(TestCaseState.java:62)
	at io.cucumber.java.Scenario.embed(Scenario.java:52)
	at step_definitions.Hooks$teardown.embedScreenshot(Hooks.java:56)
	at java.base/jdk.internal.reflect.NativeMethodAccessorImpl.invoke0(Native Method)
	at java.base/jdk.internal.reflect.NativeMethodAccessorImpl.invoke(NativeMethodAccessorImpl.java:62)
	at java.base/jdk.internal.reflect.DelegatingMethodAccessorImpl.invoke(DelegatingMethodAccessorImpl.java:43)
	at java.base/java.lang.reflect.Method.invoke(Method.java:564)
	at io.cucumber.java.Invoker.invoke(Invoker.java:27)
	at io.cucumber.java.JavaHookDefinition.execute(JavaHookDefinition.java:61)
	at io.cucumber.core.runner.CoreHookDefinition.execute(CoreHookDefinition.java:31)
	at io.cucumber.core.runner.HookDefinitionMatch.runStep(HookDefinitionMatch.java:20)
	at io.cucumber.core.runner.TestStep.executeStep(TestStep.java:64)
	at io.cucumber.core.runner.TestStep.run(TestStep.java:49)
	at io.cucumber.core.runner.TestCase.run(TestCase.java:55)
	at io.cucumber.core.runner.Runner.runPickle(Runner.java:66)
	at io.cucumber.junit.PickleRunners$NoStepDescriptions.run(PickleRunners.java:149)
	at io.cucumber.junit.FeatureRunner.runChild(FeatureRunner.java:83)
	at io.cucumber.junit.FeatureRunner.runChild(FeatureRunner.java:24)
	at org.junit.runners.ParentRunner$4.run(ParentRunner.java:331)
	at org.junit.runners.ParentRunner$1.schedule(ParentRunner.java:79)
	at org.junit.runners.ParentRunner.runChildren(ParentRunner.java:329)
	at org.junit.runners.ParentRunner.access$100(ParentRunner.java:66)
	at org.junit.runners.ParentRunner$2.evaluate(ParentRunner.java:293)
	at org.junit.runners.ParentRunner$3.evaluate(ParentRunner.java:306)
	at org.junit.runners.ParentRunner.run(ParentRunner.java:413)
	at io.cucumber.junit.Cucumber.runChild(Cucumber.java:185)
	at io.cucumber.junit.Cucumber.runChild(Cucumber.java:83)
	at org.junit.runners.ParentRunner$4.run(ParentRunner.java:331)
	at org.junit.runners.ParentRunner$1.schedule(ParentRunner.java:79)
	at org.junit.runners.ParentRunner.runChildren(ParentRunner.java:329)
	at org.junit.runners.ParentRunner.access$100(ParentRunner.java:66)
	at org.junit.runners.ParentRunner$2.evaluate(ParentRunner.java:293)
	at io.cucumber.junit.Cucumber$RunCucumber.evaluate(Cucumber.java:219)
	at org.junit.runners.ParentRunner$3.evaluate(ParentRunner.java:306)
	at org.junit.runners.ParentRunner.run(ParentRunner.java:413)
	at org.junit.runner.JUnitCore.run(JUnitCore.java:137)
	at com.intellij.junit4.JUnit4IdeaTestRunner.startRunnerWithArgs(JUnit4IdeaTestRunner.java:68)
	at com.intellij.rt.execution.junit.IdeaTestRunner$Repeater.startRunnerWithArgs(IdeaTestRunner.java:47)
	at com.intellij.rt.execution.junit.JUnitStarter.prepareStreamsAndStart(JUnitStarter.java:242)
	at com.intellij.rt.execution.junit.JUnitStarter.main(JUnitStarter.java:70)
	at java.base/jdk.internal.reflect.NativeMethodAccessorImpl.invoke0(Native Method)
	at java.base/jdk.internal.reflect.NativeMethodAccessorImpl.invoke(NativeMethodAccessorImpl.java:62)
	at java.base/jdk.internal.reflect.DelegatingMethodAccessorImpl.invoke(DelegatingMethodAccessorImpl.java:43)
	at java.base/java.lang.reflect.Method.invoke(Method.java:564)
	at com.intellij.rt.execution.application.AppMainV2.main(AppMainV2.java:131)
2020-04-04 21:22:57 INFO  Log:10 - SCENARIO: COMPLETED - [Registered user login with valid credentials]
2020-04-04 21:22:58 INFO  Log:10 - BROWSER: Closed
2020-04-04 21:22:58 DEBUG Log:14 - >>> AFTER HOOK END <<<



2020-04-04 21:31:57 DEBUG Log:14 - >>> BEFORE HOOK START <<<
2020-04-04 21:31:57 INFO  Log:10 - SCENARIO: START - [Registered user login with valid credentials]
2020-04-04 21:31:57 INFO  Log:10 - CONFIG: Configuration Loaded
2020-04-04 21:31:57 INFO  Log:10 - BROWSER: Clean start
2020-04-04 21:32:01 DEBUG Log:14 - >>> BEFORE HOOK END <<<
2020-04-04 21:32:01 INFO  Log:10 - STEP: Given user navigates to http://automationpractice.com/ website
2020-04-04 21:32:06 INFO  Log:10 - STEP: And user is registered on the website
2020-04-04 21:32:06 INFO  Log:10 - STEP: When user signs in with valid username: elchupakabra@mailinator.com and password:Test1234!
2020-04-04 21:32:11 INFO  Log:10 -    -> Click My Account link
2020-04-04 21:32:11 INFO  Log:10 -    -> Username field is populated
2020-04-04 21:32:11 INFO  Log:10 -    -> Password field is populated
2020-04-04 21:32:12 INFO  Log:10 -    -> Click Submit button
2020-04-04 21:32:12 INFO  Log:10 -    -> SIGN IN ACTION COMPLETE
2020-04-04 21:32:14 INFO  Log:10 - STEP: Then user is redirected to MY ACCOUNT! page
2020-04-04 21:32:14 INFO  Log:10 - !!! SCENARIO: Failed !!! expected [MY ACCOUNT!] but found [MY ACCOUNT]
2020-04-04 21:32:14 DEBUG Log:14 - >>> AFTER HOOK START <<<
2020-04-04 21:32:14 INFO  Log:10 - SCENARIO: FAIL - Current Page URL is http://automationpractice.com/index.php?controller=my-account
2020-04-04 21:32:14 INFO  Log:10 - SCENARIO: FAIL - Attaching Screenshot
2020-04-04 21:32:14 INFO  Log:10 - SCREENSHOT: Capture started
2020-04-04 21:32:15 INFO  Log:10 - SCREENSHOT: Writing to file Screenshot_1586025134105_IRegistered user login with valid credentialsI
2020-04-04 21:32:15 INFO  Log:10 - SCREENSHOT: Capture started
2020-04-04 21:32:16 INFO  Log:10 - SCREENSHOT: Writing to file Screenshot_1586025134105_IRegistered user login with valid credentialsI
2020-04-04 21:32:16 INFO  Log:10 - SCREENSHOT: Capture stated [BYTE]
2020-04-04 21:32:17 INFO  Log:10 - SCENARIO: COMPLETED - [Registered user login with valid credentials]
2020-04-04 21:32:19 INFO  Log:10 - BROWSER: Closed
2020-04-04 21:32:19 DEBUG Log:14 - >>> AFTER HOOK END <<<



